# JRE version: Java(TM) SE Runtime Environment (8.0_66-b17) (build 1.8.0_66-b17)
# Java VM: Java HotSpot(TM) 64-Bit Server VM (25.66-b17 mixed mode bsd-amd64 compressed oops)
Heap:
 PSYoungGen      total 18944K, used 15776K [0x00000007aab00000, 0x00000007ad000000, 0x00000007c0000000)
  eden space 16384K, 90% used [0x00000007aab00000,0x00000007ab96b5d0,0x00000007abb00000)
  from space 2560K, 39% used [0x00000007abb00000,0x00000007abbfca30,0x00000007abd80000)
  to   space 2560K, 0% used [0x00000007acd80000,0x00000007acd80000,0x00000007ad000000)
 ParOldGen       total 44032K, used 24K [0x0000000780000000, 0x0000000782b00000, 0x00000007aab00000)
  object space 44032K, 0% used [0x0000000780000000,0x0000000780006000,0x0000000782b00000)
 Metaspace       used 5973K, capacity 6158K, committed 6400K, reserved 1056768K
  class space    used 663K, capacity 733K, committed 768K, reserved 1048576K
GC Heap History (6 events):
Event: 1,153 GC heap before
{Heap before GC invocations=1 (full 0):
 PSYoungGen      total 18944K, used 16384K [0x00000007aab00000, 0x00000007ac000000, 0x00000007c0000000)
  eden space 16384K, 100% used [0x00000007aab00000,0x00000007abb00000,0x00000007abb00000)
  from space 2560K, 0% used [0x00000007abd80000,0x00000007abd80000,0x00000007ac000000)
  to   space 2560K, 0% used [0x00000007abb00000,0x00000007abb00000,0x00000007abd80000)
 ParOldGen       total 44032K, used 0K [0x0000000780000000, 0x0000000782b00000, 0x00000007aab00000)
  object space 44032K, 0% used [0x0000000780000000,0x0000000780000000,0x0000000782b00000)
 Metaspace       used 5114K, capacity 5290K, committed 5504K, reserved 1056768K
  class space    used 574K, capacity 635K, committed 640K, reserved 1048576K
Event: 1,158 GC heap after
Heap after GC invocations=1 (full 0):
 PSYoungGen      total 18944K, used 1566K [0x00000007aab00000, 0x00000007ac000000, 0x00000007c0000000)
  eden space 16384K, 0% used [0x00000007aab00000,0x00000007aab00000,0x00000007abb00000)
  from space 2560K, 61% used [0x00000007abb00000,0x00000007abc87b98,0x00000007abd80000)
  to   space 2560K, 0% used [0x00000007abd80000,0x00000007abd80000,0x00000007ac000000)
 ParOldGen       total 44032K, used 8K [0x0000000780000000, 0x0000000782b00000, 0x00000007aab00000)
  object space 44032K, 0% used [0x0000000780000000,0x0000000780002000,0x0000000782b00000)
 Metaspace       used 5114K, capacity 5290K, committed 5504K, reserved 1056768K
  class space    used 574K, capacity 635K, committed 640K, reserved 1048576K
}
Event: 1,265 GC heap before
{Heap before GC invocations=2 (full 0):
 PSYoungGen      total 18944K, used 17950K [0x00000007aab00000, 0x00000007ac000000, 0x00000007c0000000)
  eden space 16384K, 100% used [0x00000007aab00000,0x00000007abb00000,0x00000007abb00000)
  from space 2560K, 61% used [0x00000007abb00000,0x00000007abc87b98,0x00000007abd80000)
  to   space 2560K, 0% used [0x00000007abd80000,0x00000007abd80000,0x00000007ac000000)
 ParOldGen       total 44032K, used 8K [0x0000000780000000, 0x0000000782b00000, 0x00000007aab00000)
  object space 44032K, 0% used [0x0000000780000000,0x0000000780002000,0x0000000782b00000)
 Metaspace       used 5160K, capacity 5354K, committed 5504K, reserved 1056768K
  class space    used 574K, capacity 635K, committed 640K, reserved 1048576K
Event: 1,268 GC heap after
Heap after GC invocations=2 (full 0):
 PSYoungGen      total 18944K, used 1434K [0x00000007aab00000, 0x00000007ad000000, 0x00000007c0000000)
  eden space 16384K, 0% used [0x00000007aab00000,0x00000007aab00000,0x00000007abb00000)
  from space 2560K, 56% used [0x00000007abd80000,0x00000007abee6820,0x00000007ac000000)
  to   space 2560K, 0% used [0x00000007abb00000,0x00000007abb00000,0x00000007abd80000)
 ParOldGen       total 44032K, used 16K [0x0000000780000000, 0x0000000782b00000, 0x00000007aab00000)
  object space 44032K, 0% used [0x0000000780000000,0x0000000780004000,0x0000000782b00000)
 Metaspace       used 5160K, capacity 5354K, committed 5504K, reserved 1056768K
  class space    used 574K, capacity 635K, committed 640K, reserved 1048576K
}
Event: 1,700 GC heap before
{Heap before GC invocations=3 (full 0):
 PSYoungGen      total 18944K, used 17818K [0x00000007aab00000, 0x00000007ad000000, 0x00000007c0000000)
  eden space 16384K, 100% used [0x00000007aab00000,0x00000007abb00000,0x00000007abb00000)
  from space 2560K, 56% used [0x00000007abd80000,0x00000007abee6820,0x00000007ac000000)
  to   space 2560K, 0% used [0x00000007abb00000,0x00000007abb00000,0x00000007abd80000)
 ParOldGen       total 44032K, used 16K [0x0000000780000000, 0x0000000782b00000, 0x00000007aab00000)
  object space 44032K, 0% used [0x0000000780000000,0x0000000780004000,0x0000000782b00000)
 Metaspace       used 5926K, capacity 6126K, committed 6400K, reserved 1056768K
  class space    used 657K, capacity 701K, committed 768K, reserved 1048576K
Event: 1,703 GC heap after
Heap after GC invocations=3 (full 0):
 PSYoungGen      total 18944K, used 1010K [0x00000007aab00000, 0x00000007ad000000, 0x00000007c0000000)
  eden space 16384K, 0% used [0x00000007aab00000,0x00000007aab00000,0x00000007abb00000)
  from space 2560K, 39% used [0x00000007abb00000,0x00000007abbfca30,0x00000007abd80000)
  to   space 2560K, 0% used [0x00000007acd80000,0x00000007acd80000,0x00000007ad000000)
 ParOldGen       total 44032K, used 24K [0x0000000780000000, 0x0000000782b00000, 0x00000007aab00000)
  object space 44032K, 0% used [0x0000000780000000,0x0000000780006000,0x0000000782b00000)
 Metaspace       used 5926K, capacity 6126K, committed 6400K, reserved 1056768K
  class space    used 657K, capacity 701K, committed 768K, reserved 1048576K
}

